2026-05-19 11:15:11 | INFO    | __main__                       | Python 3.13.5 | PID 10599
2026-05-19 11:15:11 | INFO    | database                       | Conectando a MongoDB (intento 1/3)…
2026-05-19 11:15:11 | INFO    | database                       | Conexión exitosa a 'reaper_db'.
2026-05-19 11:15:11 | INFO    | __main__                       | MongoDB conectado: reaper_db
2026-05-19 11:15:11 | INFO    | database                       | Repositorio 'google_results' inicializado.
2026-05-19 11:15:11 | INFO    | __main__                       | Orquestador iniciado. Ctrl+C para detener.
2026-05-19 11:15:11 | INFO    | __main__                       | ════════════════════════════════════════════════════════════
2026-05-19 11:15:11 | INFO    | __main__                       | Iniciando nuevo ciclo de scraping...
2026-05-19 11:15:11 | INFO    | __main__                       | [CONFIG] Cargando configuración de motores...
2026-05-19 11:15:11 | INFO    | __main__                       | ── Engine 'IG-KW-Engine' | 3 keywords | engine_id=c4b97eed1414fcb14
2026-05-19 11:15:11 | INFO    | __main__                       | [IG-KW-Engine] Fingerprint inicial: Win32 | Mozilla/5.0 (Windows NT 10.0; Win64; x64; rv:124.0
2026-05-19 11:15:11 | INFO    | __main__                       | [IG-KW-Engine] Browser 'firefox' iniciado.
2026-05-19 11:15:14 | WARNING | utils.captcha_guard            | [HTTP] Status 403 received | url=https://www.google.com/complete/s?q&cp=0&client=gws-wiz&xssi=t&gs_pcrt=2&hl=en-CU&authuser=0&psi=XX0
2026-05-19 11:15:22 | INFO    | __main__                       | Contexto creado: OS=Win32 | UA=Mozilla/5.0 (Windows NT 10.0; Win64; x64... | session=fresh
2026-05-19 11:15:22 | INFO    | __main__                       | [IG-KW-Engine] [1/3] Procesando keyword: '#LaPatriaSeDefiende'
2026-05-19 11:15:38 | INFO    | google_cse_automator           | Procesando página 1/3 para keyword='#LaPatriaSeDefiende'
2026-05-19 11:16:03 | INFO    | google_cse_automator           | Procesando página 2/3 para keyword='#LaPatriaSeDefiende'
2026-05-19 11:16:38 | INFO    | google_cse_automator           | Procesando página 3/3 para keyword='#LaPatriaSeDefiende'
2026-05-19 11:16:42 | INFO    | database                       | Bulk insert completado: 30 nuevos documentos insertados.
2026-05-19 11:16:42 | INFO    | google_cse_automator           | Persistencia: 30 nuevos, 0 omitidos.
2026-05-19 11:16:53 | INFO    | __main__                       | [IG-KW-Engine] [2/3] Procesando keyword: 'Cuba'
2026-05-19 11:17:05 | INFO    | google_cse_automator           | Procesando página 1/3 para keyword='Cuba'
2026-05-19 11:17:33 | INFO    | google_cse_automator           | Procesando página 2/3 para keyword='Cuba'
2026-05-19 11:17:53 | INFO    | google_cse_automator           | Procesando página 3/3 para keyword='Cuba'
2026-05-19 11:17:58 | INFO    | database                       | Bulk insert: 0 nuevos, 6 omitidos (ya existentes).
2026-05-19 11:17:58 | INFO    | google_cse_automator           | Persistencia: 0 nuevos, 6 omitidos.
2026-05-19 11:18:09 | INFO    | __main__                       | [IG-KW-Engine] [3/3] Procesando keyword: '#CubaVive'
2026-05-19 11:18:20 | INFO    | google_cse_automator           | Procesando página 1/3 para keyword='#CubaVive'
2026-05-19 11:19:01 | INFO    | google_cse_automator           | Procesando página 2/3 para keyword='#CubaVive'
2026-05-19 11:19:28 | INFO    | google_cse_automator           | Procesando página 3/3 para keyword='#CubaVive'
2026-05-19 11:19:32 | INFO    | database                       | Bulk insert completado: 30 nuevos documentos insertados.
2026-05-19 11:19:32 | INFO    | google_cse_automator           | Persistencia: 30 nuevos, 0 omitidos.
2026-05-19 11:21:36 | INFO    | __main__                       | Python 3.13.5 | PID 12002
2026-05-19 11:21:36 | INFO    | database                       | Conectando a MongoDB (intento 1/3)…
2026-05-19 11:21:36 | INFO    | database                       | Conexión exitosa a 'reaper_db'.
2026-05-19 11:21:36 | INFO    | __main__                       | MongoDB conectado: reaper_db
2026-05-19 11:21:36 | INFO    | database                       | Repositorio 'google_results' inicializado.
2026-05-19 11:21:36 | INFO    | __main__                       | Orquestador iniciado. Ctrl+C para detener.
2026-05-19 11:21:36 | INFO    | __main__                       | ════════════════════════════════════════════════════════════
2026-05-19 11:21:36 | INFO    | __main__                       | Iniciando nuevo ciclo de scraping...
2026-05-19 11:21:36 | INFO    | __main__                       | [CONFIG] Cargando configuración de motores...
2026-05-19 11:21:36 | INFO    | __main__                       | ── Engine 'IG-KW-Engine' | 3 keywords | engine_id=c4b97eed1414fcb14
2026-05-19 11:21:36 | INFO    | __main__                       | [IG-KW-Engine] Fingerprint inicial: Win32 | Mozilla/5.0 (Windows NT 10.0; Win64; x64; rv:126.0
2026-05-19 11:21:37 | INFO    | __main__                       | [IG-KW-Engine] Browser 'firefox' iniciado.
2026-05-19 11:21:38 | WARNING | utils.captcha_guard            | [HTTP] Status 403 received | url=https://www.google.com/complete/s?q&cp=0&client=gws-wiz&xssi=t&gs_pcrt=2&hl=es-419&authuser=0&psi=3X
2026-05-19 11:21:43 | INFO    | __main__                       | Contexto creado: OS=Win32 | UA=Mozilla/5.0 (Windows NT 10.0; Win64; x64... | session=fresh
2026-05-19 11:21:43 | INFO    | __main__                       | [IG-KW-Engine] [1/3] Procesando keyword: '#LaPatriaSeDefiende'
2026-05-19 11:21:58 | INFO    | google_cse_automator           | Procesando página 1/3 para keyword='#LaPatriaSeDefiende'
2026-05-19 11:22:23 | INFO    | google_cse_automator           | Procesando página 2/3 para keyword='#LaPatriaSeDefiende'
2026-05-19 11:22:56 | INFO    | google_cse_automator           | Procesando página 3/3 para keyword='#LaPatriaSeDefiende'
2026-05-19 11:23:05 | INFO    | google_cse_automator           | Store: 30 enviadas, 0 fallidas | keyword='#LaPatriaSeDefiende'
2026-05-19 11:23:17 | INFO    | __main__                       | [IG-KW-Engine] [2/3] Procesando keyword: 'Cuba'
